<?xml version="1.0" encoding="UTF-8"?>
<!-- Generated by org.testng.reporters.JUnitReportReporter -->
<testsuite skipped="0" hostname="DESKTOP-VBQG2JB" name="com.testcase.LoginTestCase" tests="1" failures="0" timestamp="2021-09-30T14:28:25 PDT" time="7.018" errors="0">
  <testcase name="login" time="7.018" classname="com.testcase.LoginTestCase"/>
  <system-out/>
</testsuite> <!-- com.testcase.LoginTestCase -->
